<?xml version="1.0" encoding="UTF-8"?>
<testsuite name="test.TrivialTest" tests="2" skipped="0" failures="0" errors="0" timestamp="2021-07-19T00:01:14" hostname="vx7" time="0.058">
  <properties/>
  <testcase name="blahTest()" classname="test.TrivialTest" time="0.042"/>
  <testcase name="blahTest2()" classname="test.TrivialTest" time="0.014"/>
  <system-out><![CDATA[]]></system-out>
  <system-err><![CDATA[]]></system-err>
</testsuite>
